<?xml version="1.0" encoding="UTF-8" ?>

<testsuite failures="0" time="0.456" errors="0" skipped="0" tests="4" name="ProductTest">
  <testcase classname="ProductTest" name="categorize" time="0.228">
      </testcase>
  <testcase classname="ProductTest" name="createProduct" time="0.019">
      </testcase>
  <testcase classname="ProductTest" name="addPrices" time="0.031">
      </testcase>
  <testcase classname="ProductTest" name="deleteProduct" time="0.178">
      </testcase>
</testsuite>
